Flutter crash report; please file at https://github.com/flutter/flutter/issues.

## command

flutter --no-color packages get

## exception

YamlException: Error on line 54, column 4: Expected a key while parsing a block mapping.
   fonts:
   ^

```
#0      Parser._parseBlockMappingKey (package:yaml/src/parser.dart:448)
#1      Parser._stateMachine (package:yaml/src/parser.dart:86)
#2      Parser.parse (package:yaml/src/parser.dart:47)
#3      Loader._loadMapping (package:yaml/src/loader.dart:171)
#4      Loader._loadNode (package:yaml/src/loader.dart:86)
#5      Loader._loadMapping (package:yaml/src/loader.dart:165)
#6      Loader._loadNode (package:yaml/src/loader.dart:86)
#7      Loader._loadDocument (package:yaml/src/loader.dart:62)
#8      Loader.load (package:yaml/src/loader.dart:54)
#9      loadYamlDocument (package:yaml/yaml.dart:51)
#10     loadYamlNode (package:yaml/yaml.dart:42)
#11     loadYaml (package:yaml/yaml.dart:34)
#12     _pluginFromPubspec (package:flutter_tools/src/plugins.dart:52)
#13     _findPlugins.<anonymous closure> (package:flutter_tools/src/plugins.dart:75)
#14     _HashVMBase&MapMixin&&_LinkedHashMapMixin.forEach (dart:collection-patch/dart:collection/compact_hash.dart:363)
#15     _findPlugins (package:flutter_tools/src/plugins.dart:73)
#16     injectPlugins (package:flutter_tools/src/plugins.dart:234)
#17     FlutterProject.ensureReadyForPlatformSpecificTooling (package:flutter_tools/src/project.dart:62)
<asynchronous suspension>
#18     PackagesGetCommand.runCommand (package:flutter_tools/src/commands/packages.dart:85)
<asynchronous suspension>
#19     FlutterCommand.verifyThenRunCommand (package:flutter_tools/src/runner/flutter_command.dart:344)
<asynchronous suspension>
#20     FlutterCommand.run.<anonymous closure> (package:flutter_tools/src/runner/flutter_command.dart:279)
<asynchronous suspension>
#21     AppContext.run.<anonymous closure> (package:flutter_tools/src/base/context.dart:142)
<asynchronous suspension>
#22     _rootRun (dart:async/zone.dart:1126)
#23     _CustomZone.run (dart:async/zone.dart:1023)
#24     _runZoned (dart:async/zone.dart:1518)
#25     runZoned (dart:async/zone.dart:1465)
#26     AppContext.run (package:flutter_tools/src/base/context.dart:141)
<asynchronous suspension>
#27     FlutterCommand.run (package:flutter_tools/src/runner/flutter_command.dart:270)
#28     CommandRunner.runCommand (package:args/command_runner.dart:194)
<asynchronous suspension>
#29     FlutterCommandRunner.runCommand.<anonymous closure> (package:flutter_tools/src/runner/flutter_command_runner.dart:322)
<asynchronous suspension>
#30     AppContext.run.<anonymous closure> (package:flutter_tools/src/base/context.dart:142)
<asynchronous suspension>
#31     _rootRun (dart:async/zone.dart:1126)
#32     _CustomZone.run (dart:async/zone.dart:1023)
#33     _runZoned (dart:async/zone.dart:1518)
#34     runZoned (dart:async/zone.dart:1465)
#35     AppContext.run (package:flutter_tools/src/base/context.dart:141)
<asynchronous suspension>
#36     FlutterCommandRunner.runCommand (package:flutter_tools/src/runner/flutter_command_runner.dart:278)
<asynchronous suspension>
#37     CommandRunner.run.<anonymous closure> (package:args/command_runner.dart:109)
#38     new Future.sync (dart:async/future.dart:222)
#39     CommandRunner.run (package:args/command_runner.dart:109)
#40     FlutterCommandRunner.run (package:flutter_tools/src/runner/flutter_command_runner.dart:187)
#41     run.<anonymous closure> (package:flutter_tools/runner.dart:59)
<asynchronous suspension>
#42     AppContext.run.<anonymous closure> (package:flutter_tools/src/base/context.dart:142)
<asynchronous suspension>
#43     _rootRun (dart:async/zone.dart:1126)
#44     _CustomZone.run (dart:async/zone.dart:1023)
#45     _runZoned (dart:async/zone.dart:1518)
#46     runZoned (dart:async/zone.dart:1465)
#47     AppContext.run (package:flutter_tools/src/base/context.dart:141)
<asynchronous suspension>
#48     runInContext (package:flutter_tools/src/context_runner.dart:43)
<asynchronous suspension>
#49     run (package:flutter_tools/runner.dart:50)
#50     main (package:flutter_tools/executable.dart:49)
<asynchronous suspension>
#51     main (file:///C:/Users/matth/Documents/Programming/Flutter/flutter/packages/flutter_tools/bin/flutter_tools.dart:8)
#52     _startIsolate.<anonymous closure> (dart:isolate-patch/dart:isolate/isolate_patch.dart:277)
#53     _RawReceivePortImpl._handleMessage (dart:isolate-patch/dart:isolate/isolate_patch.dart:165)
```

## flutter doctor

```
[✓] Flutter (Channel dev, v0.5.5, on Microsoft Windows [Version 10.0.17134.112], locale en-US)
    • Flutter version 0.5.5 at C:\Users\matth\Documents\Programming\Flutter\flutter
    • Framework revision 020e0ef55c (2 weeks ago), 2018-06-14 13:17:08 -0700
    • Engine revision c3976b3c71
    • Dart version 2.0.0-dev.61.0.flutter-c95617b19c

[!] Android toolchain - develop for Android devices (Android SDK 27.0.3)
    • Android SDK at C:\Users\matth\AppData\Local\Android\sdk
    • Android NDK location not configured (optional; useful for native profiling support)
    • Platform android-27, build-tools 27.0.3
    • Java binary at: C:\Program Files\Android\Android Studio\jre\bin\java
    • Java version OpenJDK Runtime Environment (build 1.8.0_152-release-1024-b02)
    ! Some Android licenses not accepted.  To resolve this, run: flutter doctor --android-licenses

[✓] Android Studio (version 3.1)
    • Android Studio at C:\Program Files\Android\Android Studio
    • Flutter plugin version 24.2.1
    • Dart plugin version 173.4700
    • Java version OpenJDK Runtime Environment (build 1.8.0_152-release-1024-b02)

[✓] IntelliJ IDEA Community Edition (version 2018.1)
    • IntelliJ at C:\Program Files\JetBrains\IntelliJ IDEA Community Edition 2018.1.4
    • Flutter plugin version 25.0.2
    • Dart plugin version 181.4892.1

[✓] IntelliJ IDEA Community Edition (version 2018.2)
    • IntelliJ at C:\Users\matth\AppData\Local\JetBrains\Toolbox\apps\IDEA-C\ch-0\182.3341.11
    • Flutter plugin version 25.0.3
    • Dart plugin version 182.3341.1

[!] VS Code, 64-bit edition (version 1.23.1)
    • VS Code at C:\Program Files\Microsoft VS Code
    • Flutter extension not installed; install from
      https://marketplace.visualstudio.com/items?itemName=Dart-Code.flutter

[!] Connected devices
    ! No devices available

! Doctor found issues in 3 categories.
```
